#
# A fatal error has been detected by the Java Runtime Environment:
#
#  EXCEPTION_ACCESS_VIOLATION (0xc0000005) at pc=0x00007ff9efc3b5e3, pid=11828, tid=1512
#
# JRE version: Java(TM) SE Runtime Environment (12.0.2+10) (build 12.0.2+10)
# Java VM: Java HotSpot(TM) 64-Bit Server VM (12.0.2+10, mixed mode, sharing, tiered, compressed oops, g1 gc, windows-amd64)
# Problematic frame:
# V  [jvm.dll+0x25b5e3]
#
# No core dump will be written. Minidumps are not enabled by default on client versions of Windows
#
# If you would like to submit a bug report, please visit:
#   http://bugreport.java.com/bugreport/crash.jsp
#

---------------  S U M M A R Y ------------

Command Line: -agentlib:jdwp=transport=dt_socket,suspend=y,address=localhost:52911 -javaagent:C:\Users\jtijb\eclipse\java-2019-062\eclipse\configuration\org.eclipse.osgi\226\0\.cp\lib\javaagent-shaded.jar -Dfile.encoding=Cp1252 MainClassTestClient

Host: Intel(R) Core(TM) i7-7700HQ CPU @ 2.80GHz, 8 cores, 15G,  Windows 10 , 64 bit Build 18362 (10.0.18362.329)
Time: Mon Dec  2 10:02:22 2019 West-Europa (standaardtijd) elapsed time: 256029 seconds (2d 23h 7m 9s)

---------------  T H R E A D  ---------------

Current thread (0x00000223ea704800):  VMThread "VM Thread" [stack: 0x000000658c300000,0x000000658c400000] [id=1512]

Stack: [0x000000658c300000,0x000000658c400000],  sp=0x000000658c3feb98,  free space=1018k
Native frames: (J=compiled Java code, j=interpreted, Vv=VM code, C=native code)
V  [jvm.dll+0x25b5e3]


siginfo: EXCEPTION_ACCESS_VIOLATION (0xc0000005), reading address 0x00000223ea349caa


Register to memory mapping:

RIP=0x00007ff9efc3b5e3 jvm.dll
RAX=0x000000000000faa8 is an unknown value
RBX=0x00000223ea2cc728 is pointing into metadata
RCX=0x00000223ea2d1140 is pointing into metadata
RDX=0x000000000000faa8 is an unknown value
RSP=0x000000658c3feb98 points into unknown readable memory: 5e b6 c3 ef f9 7f 00 00
RBP=0x000000658c3ff110 points into unknown readable memory: 48 8f e6 e9 23 02 00 00
RSI=0x000000658c3ff280 points into unknown readable memory: 68 d5 2b f0 f9 7f 00 00
RDI=0x000000658c3ff280 points into unknown readable memory: 68 d5 2b f0 f9 7f 00 00
R8 =0x0 is NULL
R9 =0x00000223ea2cc728 is pointing into metadata
R10=0x00007ff9ef9e0000 jvm.dll
R11=0x000000658c3ff060 points into unknown readable memory: e0 f0 3f 8c 65 00 00 00
R12=0x00000223e9e68df0 points into unknown readable memory: 00 b1 2b f0 84 01 00 00
R13=0x0000000000000190 is an unknown value
R14=0x00000223ea2cd2f3 is pointing into metadata
R15=0x000000000000022d is an unknown value


Registers:
RAX=0x000000000000faa8, RBX=0x00000223ea2cc728, RCX=0x00000223ea2d1140, RDX=0x000000000000faa8
RSP=0x000000658c3feb98, RBP=0x000000658c3ff110, RSI=0x000000658c3ff280, RDI=0x000000658c3ff280
R8 =0x0000000000000000, R9 =0x00000223ea2cc728, R10=0x00007ff9ef9e0000, R11=0x000000658c3ff060
R12=0x00000223e9e68df0, R13=0x0000000000000190, R14=0x00000223ea2cd2f3, R15=0x000000000000022d
RIP=0x00007ff9efc3b5e3, EFLAGS=0x0000000000010206

Top of Stack: (sp=0x000000658c3feb98)
0x000000658c3feb98:   00007ff9efc3b65e 000000658c3fec00
0x000000658c3feba8:   000000658c3fee29 00000223c3f90000
0x000000658c3febb8:   00000223eaa36628 0000000000000000
0x000000658c3febc8:   00007ff9efd2e2f0 0000000000000000
0x000000658c3febd8:   000000658c3ff280 000000008c3ff100
0x000000658c3febe8:   00000223eaa36630 0000006500000001
0x000000658c3febf8:   0000000000000008 00007ff9f0280210
0x000000658c3fec08:   000000080040d5f0 0000000000000002
0x000000658c3fec18:   0000000000000007 000000658c3fec40
0x000000658c3fec28:   0000022300000001 2fffffff2fffffff
0x000000658c3fec38:   00007ffa00000000 2fffffff4fffffff
0x000000658c3fec48:   2fffffff2fffffff 4fffffff2fffffff
0x000000658c3fec58:   0000000000000000 0000000000000482
0x000000658c3fec68:   00000223f80007ff 000000658c3ff238
0x000000658c3fec78:   00007ffa414d4471 000000658c3fedd0
0x000000658c3fec88:   000000658c3fee70 00000223c42164c0 

Instructions: (pc=0x00007ff9efc3b5e3)
0x00007ff9efc3b4e3:   03 03 03 03 03 03 03 03 03 03 03 03 03 03 03 03
0x00007ff9efc3b4f3:   03 03 03 03 03 03 03 03 03 03 03 03 03 03 03 03
0x00007ff9efc3b503:   03 03 03 03 03 03 03 03 03 03 03 03 03 03 03 03
0x00007ff9efc3b513:   03 03 03 03 03 03 03 03 02 03 03 02 cc 48 89 5c
0x00007ff9efc3b523:   24 08 48 89 74 24 10 57 48 83 ec 20 48 63 da 41
0x00007ff9efc3b533:   0f b6 f0 48 8b f9 85 d2 79 24 4c 8d 0d ac fa 62
0x00007ff9efc3b543:   00 ba 93 02 00 00 4c 8d 05 d8 fa 62 00 48 8d 0d
0x00007ff9efc3b553:   41 fa 62 00 e8 84 71 00 00 e8 7f 7a 3d 00 40 84
0x00007ff9efc3b563:   f6 75 18 48 8b 4f 10 48 85 c9 74 0f 48 8d 43 01
0x00007ff9efc3b573:   48 c1 e0 05 48 8b 04 08 0f b7 d8 48 8b 74 24 38
0x00007ff9efc3b583:   48 63 c3 48 8b 5c 24 30 0f b7 44 c7 40 48 83 c4
0x00007ff9efc3b593:   20 5f c3 cc cc cc cc cc cc cc cc cc cc 4c 8b c9
0x00007ff9efc3b5a3:   45 84 c0 75 42 48 8b 49 10 48 85 c9 74 39 85 d2
0x00007ff9efc3b5b3:   79 1a f7 d2 48 63 c2 48 ff c0 48 c1 e0 05 48 8b
0x00007ff9efc3b5c3:   04 08 0f b7 c8 41 0f b7 44 c9 42 c3 48 63 c2 48
0x00007ff9efc3b5d3:   ff c0 48 c1 e0 05 48 8b 04 08 0f b7 d0 48 63 c2
0x00007ff9efc3b5e3:   41 0f b7 44 c1 42 c3 49 8b 41 08 48 63 ca 0f b6
0x00007ff9efc3b5f3:   44 01 04 3c 12 74 ce 49 8b 41 08 0f b6 44 01 04
0x00007ff9efc3b603:   3c 11 74 c1 49 8b 41 08 0f b6 44 01 04 3c 6a 74
0x00007ff9efc3b613:   b4 48 63 c2 41 0f b7 44 c1 42 c3 cc cc 40 53 48
0x00007ff9efc3b623:   83 ec 20 48 8b d9 e8 72 ff ff ff 48 63 d0 0f b7
0x00007ff9efc3b633:   44 d3 40 48 8b 44 c3 40 48 83 c4 20 5b c3 cc cc
0x00007ff9efc3b643:   cc cc cc cc cc cc cc cc cc cc cc cc cc 40 53 48
0x00007ff9efc3b653:   83 ec 20 48 8b d9 e8 42 ff ff ff 48 63 d0 0f b7
0x00007ff9efc3b663:   44 d3 42 48 8b 44 c3 40 48 83 c4 20 5b c3 cc cc
0x00007ff9efc3b673:   cc cc cc cc cc cc cc cc cc cc cc cc cc 4c 8b d1
0x00007ff9efc3b683:   45 84 c9 75 23 4c 8b 49 10 4d 85 c9 74 1a 45 85
0x00007ff9efc3b693:   c0 79 03 41 f7 d0 49 63 c0 48 ff c0 48 c1 e0 05
0x00007ff9efc3b6a3:   4a 8b 04 08 44 0f b7 c0 49 8b 42 08 49 63 c8 0f
0x00007ff9efc3b6b3:   b6 4c 08 04 48 8b c2 88 0a c3 cc cc cc 40 56 57
0x00007ff9efc3b6c3:   41 54 41 56 41 57 48 83 ec 20 45 8b 30 49 8b f0
0x00007ff9efc3b6d3:   49 63 f9 4c 8b e2 4c 8b f9 45 85 f6 0f 8e 20 01 


Stack slot to memory mapping:
stack at sp + 0 slots: 0x00007ff9efc3b65e jvm.dll
stack at sp + 1 slots: 0x000000658c3fec00 points into unknown readable memory: 10 02 28 f0 f9 7f 00 00
stack at sp + 2 slots: 0x000000658c3fee29 points into unknown readable memory: 00 f2 c3 23 02 00 00
stack at sp + 3 slots: 0x00000223c3f90000 points into unknown readable memory: 00 00 00 00 00 00 00 00
stack at sp + 4 slots: 0x00000223eaa36628 points into unknown readable memory: c4 d2 b7 b1 55 bf 3c 08
stack at sp + 5 slots: 0x0 is NULL
stack at sp + 6 slots: 0x00007ff9efd2e2f0 jvm.dll
stack at sp + 7 slots: 0x0 is NULL

VM_Operation (0x000000658cdff1a0): GetOrSetLocal, mode: safepoint, requested by thread 0x00000223ea950800


---------------  P R O C E S S  ---------------

Threads class SMR info:
_java_thread_list=0x00000223ea9d9460, length=13, elements={
0x00000223c421d000, 0x00000223ea706000, 0x00000223ea707800, 0x00000223ea727000,
0x00000223ea72a000, 0x00000223ea72b800, 0x00000223ea72f000, 0x00000223ea735000,
0x00000223e9e6b800, 0x00000223ea950800, 0x00000223ea9c9000, 0x00000223ea9ca000,
0x00000223ea9ff000
}

Java Threads: ( => current thread )
  0x00000223c421d000 JavaThread "main" [_thread_blocked, id=9700, stack(0x000000658bd00000,0x000000658be00000)]
  0x00000223ea706000 JavaThread "Reference Handler" daemon [_thread_blocked, id=16796, stack(0x000000658c400000,0x000000658c500000)]
  0x00000223ea707800 JavaThread "Finalizer" daemon [_thread_blocked, id=4164, stack(0x000000658c500000,0x000000658c600000)]
  0x00000223ea727000 JavaThread "Signal Dispatcher" daemon [_thread_blocked, id=10848, stack(0x000000658c600000,0x000000658c700000)]
  0x00000223ea72a000 JavaThread "Attach Listener" daemon [_thread_blocked, id=13204, stack(0x000000658c700000,0x000000658c800000)]
  0x00000223ea72b800 JavaThread "C2 CompilerThread0" daemon [_thread_blocked, id=18140, stack(0x000000658c800000,0x000000658c900000)]
  0x00000223ea72f000 JavaThread "C1 CompilerThread0" daemon [_thread_blocked, id=5496, stack(0x000000658c900000,0x000000658ca00000)]
  0x00000223ea735000 JavaThread "Sweeper thread" daemon [_thread_blocked, id=16428, stack(0x000000658ca00000,0x000000658cb00000)]
  0x00000223e9e6b800 JavaThread "Common-Cleaner" daemon [_thread_blocked, id=20660, stack(0x000000658cb00000,0x000000658cc00000)]
  0x00000223ea950800 JavaThread "JDWP Transport Listener: dt_socket" daemon [_thread_blocked, id=17320, stack(0x000000658cd00000,0x000000658ce00000)] _threads_hazard_ptr=0x00000223ea9d9460
  0x00000223ea9c9000 JavaThread "JDWP Event Helper Thread" daemon [_thread_blocked, id=12256, stack(0x000000658ce00000,0x000000658cf00000)]
  0x00000223ea9ca000 JavaThread "JDWP Command Reader" daemon [_thread_in_native, id=20892, stack(0x000000658cf00000,0x000000658d000000)]
  0x00000223ea9ff000 JavaThread "Service Thread" daemon [_thread_blocked, id=1636, stack(0x000000658cc00000,0x000000658cd00000)]

Other Threads:
=>0x00000223ea704800 VMThread "VM Thread" [stack: 0x000000658c300000,0x000000658c400000] [id=1512]
  0x00000223eaa00000 WatcherThread [stack: 0x000000658d000000,0x000000658d100000] [id=20304]
  0x00000223c4283000 GCTaskThread "GC Thread#0" [stack: 0x000000658be00000,0x000000658bf00000] [id=17476]
  0x00000223c429e800 ConcurrentGCThread "G1 Main Marker" [stack: 0x000000658bf00000,0x000000658c000000] [id=17752]
  0x00000223c42a0000 ConcurrentGCThread "G1 Conc#0" [stack: 0x000000658c000000,0x000000658c100000] [id=11144]
  0x00000223e9d71800 ConcurrentGCThread "G1 Refine#0" [stack: 0x000000658c100000,0x000000658c200000] [id=7104]
  0x00000223e9d72800 ConcurrentGCThread "G1 Young RemSet Sampling" [stack: 0x000000658c200000,0x000000658c300000] [id=14700]

Threads with active compile tasks:

VM state:at safepoint (normal execution)

VM Mutex/Monitor currently owned by a thread:  ([mutex/lock_event])
[0x00000223c421a260] Threads_lock - owner thread: 0x00000223ea704800

Heap address: 0x0000000702c00000, size: 4052 MB, Compressed Oops mode: Zero based, Oop shift amount: 3
Narrow klass base: 0x0000000800000000, Narrow klass shift: 3
Compressed class space size: 1073741824 Address: 0x0000000801190000

Heap:
 garbage-first heap   total 260096K, used 4096K [0x0000000702c00000, 0x0000000800000000)
  region size 1024K, 6 young (6144K), 0 survivors (0K)
 Metaspace       used 2839K, capacity 5101K, committed 5376K, reserved 1056768K
  class space    used 258K, capacity 443K, committed 512K, reserved 1048576K
Heap Regions: E=young(eden), S=young(survivor), O=old, HS=humongous(starts), HC=humongous(continues), CS=collection set, F=free, A=archive, TAMS=top-at-mark-start (previous, next)
|   0|0x0000000702c00000, 0x0000000702c00000, 0x0000000702d00000|  0%| F|  |TAMS 0x0000000702c00000, 0x0000000702c00000| Untracked 
|   1|0x0000000702d00000, 0x0000000702d00000, 0x0000000702e00000|  0%| F|  |TAMS 0x0000000702d00000, 0x0000000702d00000| Untracked 
|   2|0x0000000702e00000, 0x0000000702e00000, 0x0000000702f00000|  0%| F|  |TAMS 0x0000000702e00000, 0x0000000702e00000| Untracked 
|   3|0x0000000702f00000, 0x0000000702f00000, 0x0000000703000000|  0%| F|  |TAMS 0x0000000702f00000, 0x0000000702f00000| Untracked 
|   4|0x0000000703000000, 0x0000000703000000, 0x0000000703100000|  0%| F|  |TAMS 0x0000000703000000, 0x0000000703000000| Untracked 
|   5|0x0000000703100000, 0x0000000703100000, 0x0000000703200000|  0%| F|  |TAMS 0x0000000703100000, 0x0000000703100000| Untracked 
|   6|0x0000000703200000, 0x0000000703200000, 0x0000000703300000|  0%| F|  |TAMS 0x0000000703200000, 0x0000000703200000| Untracked 
|   7|0x0000000703300000, 0x0000000703300000, 0x0000000703400000|  0%| F|  |TAMS 0x0000000703300000, 0x0000000703300000| Untracked 
|   8|0x0000000703400000, 0x0000000703400000, 0x0000000703500000|  0%| F|  |TAMS 0x0000000703400000, 0x0000000703400000| Untracked 
|   9|0x0000000703500000, 0x0000000703500000, 0x0000000703600000|  0%| F|  |TAMS 0x0000000703500000, 0x0000000703500000| Untracked 
|  10|0x0000000703600000, 0x0000000703600000, 0x0000000703700000|  0%| F|  |TAMS 0x0000000703600000, 0x0000000703600000| Untracked 
|  11|0x0000000703700000, 0x0000000703700000, 0x0000000703800000|  0%| F|  |TAMS 0x0000000703700000, 0x0000000703700000| Untracked 
|  12|0x0000000703800000, 0x0000000703800000, 0x0000000703900000|  0%| F|  |TAMS 0x0000000703800000, 0x0000000703800000| Untracked 
|  13|0x0000000703900000, 0x0000000703900000, 0x0000000703a00000|  0%| F|  |TAMS 0x0000000703900000, 0x0000000703900000| Untracked 
|  14|0x0000000703a00000, 0x0000000703a00000, 0x0000000703b00000|  0%| F|  |TAMS 0x0000000703a00000, 0x0000000703a00000| Untracked 
|  15|0x0000000703b00000, 0x0000000703b00000, 0x0000000703c00000|  0%| F|  |TAMS 0x0000000703b00000, 0x0000000703b00000| Untracked 
|  16|0x0000000703c00000, 0x0000000703c00000, 0x0000000703d00000|  0%| F|  |TAMS 0x0000000703c00000, 0x0000000703c00000| Untracked 
|  17|0x0000000703d00000, 0x0000000703d00000, 0x0000000703e00000|  0%| F|  |TAMS 0x0000000703d00000, 0x0000000703d00000| Untracked 
|  18|0x0000000703e00000, 0x0000000703e00000, 0x0000000703f00000|  0%| F|  |TAMS 0x0000000703e00000, 0x0000000703e00000| Untracked 
|  19|0x0000000703f00000, 0x0000000703f00000, 0x0000000704000000|  0%| F|  |TAMS 0x0000000703f00000, 0x0000000703f00000| Untracked 
|  20|0x0000000704000000, 0x0000000704000000, 0x0000000704100000|  0%| F|  |TAMS 0x0000000704000000, 0x0000000704000000| Untracked 
|  21|0x0000000704100000, 0x0000000704100000, 0x0000000704200000|  0%| F|  |TAMS 0x0000000704100000, 0x0000000704100000| Untracked 
|  22|0x0000000704200000, 0x0000000704200000, 0x0000000704300000|  0%| F|  |TAMS 0x0000000704200000, 0x0000000704200000| Untracked 
|  23|0x0000000704300000, 0x0000000704300000, 0x0000000704400000|  0%| F|  |TAMS 0x0000000704300000, 0x0000000704300000| Untracked 
|  24|0x0000000704400000, 0x0000000704400000, 0x0000000704500000|  0%| F|  |TAMS 0x0000000704400000, 0x0000000704400000| Untracked 
|  25|0x0000000704500000, 0x0000000704500000, 0x0000000704600000|  0%| F|  |TAMS 0x0000000704500000, 0x0000000704500000| Untracked 
|  26|0x0000000704600000, 0x0000000704600000, 0x0000000704700000|  0%| F|  |TAMS 0x0000000704600000, 0x0000000704600000| Untracked 
|  27|0x0000000704700000, 0x0000000704700000, 0x0000000704800000|  0%| F|  |TAMS 0x0000000704700000, 0x0000000704700000| Untracked 
|  28|0x0000000704800000, 0x0000000704800000, 0x0000000704900000|  0%| F|  |TAMS 0x0000000704800000, 0x0000000704800000| Untracked 
|  29|0x0000000704900000, 0x0000000704900000, 0x0000000704a00000|  0%| F|  |TAMS 0x0000000704900000, 0x0000000704900000| Untracked 
|  30|0x0000000704a00000, 0x0000000704a00000, 0x0000000704b00000|  0%| F|  |TAMS 0x0000000704a00000, 0x0000000704a00000| Untracked 
|  31|0x0000000704b00000, 0x0000000704b00000, 0x0000000704c00000|  0%| F|  |TAMS 0x0000000704b00000, 0x0000000704b00000| Untracked 
|  32|0x0000000704c00000, 0x0000000704c00000, 0x0000000704d00000|  0%| F|  |TAMS 0x0000000704c00000, 0x0000000704c00000| Untracked 
|  33|0x0000000704d00000, 0x0000000704d00000, 0x0000000704e00000|  0%| F|  |TAMS 0x0000000704d00000, 0x0000000704d00000| Untracked 
|  34|0x0000000704e00000, 0x0000000704e00000, 0x0000000704f00000|  0%| F|  |TAMS 0x0000000704e00000, 0x0000000704e00000| Untracked 
|  35|0x0000000704f00000, 0x0000000704f00000, 0x0000000705000000|  0%| F|  |TAMS 0x0000000704f00000, 0x0000000704f00000| Untracked 
|  36|0x0000000705000000, 0x0000000705000000, 0x0000000705100000|  0%| F|  |TAMS 0x0000000705000000, 0x0000000705000000| Untracked 
|  37|0x0000000705100000, 0x0000000705100000, 0x0000000705200000|  0%| F|  |TAMS 0x0000000705100000, 0x0000000705100000| Untracked 
|  38|0x0000000705200000, 0x0000000705200000, 0x0000000705300000|  0%| F|  |TAMS 0x0000000705200000, 0x0000000705200000| Untracked 
|  39|0x0000000705300000, 0x0000000705300000, 0x0000000705400000|  0%| F|  |TAMS 0x0000000705300000, 0x0000000705300000| Untracked 
|  40|0x0000000705400000, 0x0000000705400000, 0x0000000705500000|  0%| F|  |TAMS 0x0000000705400000, 0x0000000705400000| Untracked 
|  41|0x0000000705500000, 0x0000000705500000, 0x0000000705600000|  0%| F|  |TAMS 0x0000000705500000, 0x0000000705500000| Untracked 
|  42|0x0000000705600000, 0x0000000705600000, 0x0000000705700000|  0%| F|  |TAMS 0x0000000705600000, 0x0000000705600000| Untracked 
|  43|0x0000000705700000, 0x0000000705700000, 0x0000000705800000|  0%| F|  |TAMS 0x0000000705700000, 0x0000000705700000| Untracked 
|  44|0x0000000705800000, 0x0000000705800000, 0x0000000705900000|  0%| F|  |TAMS 0x0000000705800000, 0x0000000705800000| Untracked 
|  45|0x0000000705900000, 0x0000000705900000, 0x0000000705a00000|  0%| F|  |TAMS 0x0000000705900000, 0x0000000705900000| Untracked 
|  46|0x0000000705a00000, 0x0000000705a00000, 0x0000000705b00000|  0%| F|  |TAMS 0x0000000705a00000, 0x0000000705a00000| Untracked 
|  47|0x0000000705b00000, 0x0000000705b00000, 0x0000000705c00000|  0%| F|  |TAMS 0x0000000705b00000, 0x0000000705b00000| Untracked 
|  48|0x0000000705c00000, 0x0000000705c00000, 0x0000000705d00000|  0%| F|  |TAMS 0x0000000705c00000, 0x0000000705c00000| Untracked 
|  49|0x0000000705d00000, 0x0000000705d00000, 0x0000000705e00000|  0%| F|  |TAMS 0x0000000705d00000, 0x0000000705d00000| Untracked 
|  50|0x0000000705e00000, 0x0000000705e00000, 0x0000000705f00000|  0%| F|  |TAMS 0x0000000705e00000, 0x0000000705e00000| Untracked 
|  51|0x0000000705f00000, 0x0000000705f00000, 0x0000000706000000|  0%| F|  |TAMS 0x0000000705f00000, 0x0000000705f00000| Untracked 
|  52|0x0000000706000000, 0x0000000706000000, 0x0000000706100000|  0%| F|  |TAMS 0x0000000706000000, 0x0000000706000000| Untracked 
|  53|0x0000000706100000, 0x0000000706100000, 0x0000000706200000|  0%| F|  |TAMS 0x0000000706100000, 0x0000000706100000| Untracked 
|  54|0x0000000706200000, 0x0000000706200000, 0x0000000706300000|  0%| F|  |TAMS 0x0000000706200000, 0x0000000706200000| Untracked 
|  55|0x0000000706300000, 0x0000000706300000, 0x0000000706400000|  0%| F|  |TAMS 0x0000000706300000, 0x0000000706300000| Untracked 
|  56|0x0000000706400000, 0x0000000706400000, 0x0000000706500000|  0%| F|  |TAMS 0x0000000706400000, 0x0000000706400000| Untracked 
|  57|0x0000000706500000, 0x0000000706500000, 0x0000000706600000|  0%| F|  |TAMS 0x0000000706500000, 0x0000000706500000| Untracked 
|  58|0x0000000706600000, 0x0000000706600000, 0x0000000706700000|  0%| F|  |TAMS 0x0000000706600000, 0x0000000706600000| Untracked 
|  59|0x0000000706700000, 0x0000000706700000, 0x0000000706800000|  0%| F|  |TAMS 0x0000000706700000, 0x0000000706700000| Untracked 
|  60|0x0000000706800000, 0x0000000706800000, 0x0000000706900000|  0%| F|  |TAMS 0x0000000706800000, 0x0000000706800000| Untracked 
|  61|0x0000000706900000, 0x0000000706900000, 0x0000000706a00000|  0%| F|  |TAMS 0x0000000706900000, 0x0000000706900000| Untracked 
|  62|0x0000000706a00000, 0x0000000706a00000, 0x0000000706b00000|  0%| F|  |TAMS 0x0000000706a00000, 0x0000000706a00000| Untracked 
|  63|0x0000000706b00000, 0x0000000706b00000, 0x0000000706c00000|  0%| F|  |TAMS 0x0000000706b00000, 0x0000000706b00000| Untracked 
|  64|0x0000000706c00000, 0x0000000706c00000, 0x0000000706d00000|  0%| F|  |TAMS 0x0000000706c00000, 0x0000000706c00000| Untracked 
|  65|0x0000000706d00000, 0x0000000706d00000, 0x0000000706e00000|  0%| F|  |TAMS 0x0000000706d00000, 0x0000000706d00000| Untracked 
|  66|0x0000000706e00000, 0x0000000706e00000, 0x0000000706f00000|  0%| F|  |TAMS 0x0000000706e00000, 0x0000000706e00000| Untracked 
|  67|0x0000000706f00000, 0x0000000706f00000, 0x0000000707000000|  0%| F|  |TAMS 0x0000000706f00000, 0x0000000706f00000| Untracked 
|  68|0x0000000707000000, 0x0000000707000000, 0x0000000707100000|  0%| F|  |TAMS 0x0000000707000000, 0x0000000707000000| Untracked 
|  69|0x0000000707100000, 0x0000000707100000, 0x0000000707200000|  0%| F|  |TAMS 0x0000000707100000, 0x0000000707100000| Untracked 
|  70|0x0000000707200000, 0x0000000707200000, 0x0000000707300000|  0%| F|  |TAMS 0x0000000707200000, 0x0000000707200000| Untracked 
|  71|0x0000000707300000, 0x0000000707300000, 0x0000000707400000|  0%| F|  |TAMS 0x0000000707300000, 0x0000000707300000| Untracked 
|  72|0x0000000707400000, 0x0000000707400000, 0x0000000707500000|  0%| F|  |TAMS 0x0000000707400000, 0x0000000707400000| Untracked 
|  73|0x0000000707500000, 0x0000000707500000, 0x0000000707600000|  0%| F|  |TAMS 0x0000000707500000, 0x0000000707500000| Untracked 
|  74|0x0000000707600000, 0x0000000707600000, 0x0000000707700000|  0%| F|  |TAMS 0x0000000707600000, 0x0000000707600000| Untracked 
|  75|0x0000000707700000, 0x0000000707700000, 0x0000000707800000|  0%| F|  |TAMS 0x0000000707700000, 0x0000000707700000| Untracked 
|  76|0x0000000707800000, 0x0000000707800000, 0x0000000707900000|  0%| F|  |TAMS 0x0000000707800000, 0x0000000707800000| Untracked 
|  77|0x0000000707900000, 0x0000000707900000, 0x0000000707a00000|  0%| F|  |TAMS 0x0000000707900000, 0x0000000707900000| Untracked 
|  78|0x0000000707a00000, 0x0000000707a00000, 0x0000000707b00000|  0%| F|  |TAMS 0x0000000707a00000, 0x0000000707a00000| Untracked 
|  79|0x0000000707b00000, 0x0000000707b00000, 0x0000000707c00000|  0%| F|  |TAMS 0x0000000707b00000, 0x0000000707b00000| Untracked 
|  80|0x0000000707c00000, 0x0000000707c00000, 0x0000000707d00000|  0%| F|  |TAMS 0x0000000707c00000, 0x0000000707c00000| Untracked 
|  81|0x0000000707d00000, 0x0000000707d00000, 0x0000000707e00000|  0%| F|  |TAMS 0x0000000707d00000, 0x0000000707d00000| Untracked 
|  82|0x0000000707e00000, 0x0000000707e00000, 0x0000000707f00000|  0%| F|  |TAMS 0x0000000707e00000, 0x0000000707e00000| Untracked 
|  83|0x0000000707f00000, 0x0000000707f00000, 0x0000000708000000|  0%| F|  |TAMS 0x0000000707f00000, 0x0000000707f00000| Untracked 
|  84|0x0000000708000000, 0x0000000708000000, 0x0000000708100000|  0%| F|  |TAMS 0x0000000708000000, 0x0000000708000000| Untracked 
|  85|0x0000000708100000, 0x0000000708100000, 0x0000000708200000|  0%| F|  |TAMS 0x0000000708100000, 0x0000000708100000| Untracked 
|  86|0x0000000708200000, 0x0000000708200000, 0x0000000708300000|  0%| F|  |TAMS 0x0000000708200000, 0x0000000708200000| Untracked 
|  87|0x0000000708300000, 0x0000000708300000, 0x0000000708400000|  0%| F|  |TAMS 0x0000000708300000, 0x0000000708300000| Untracked 
|  88|0x0000000708400000, 0x0000000708400000, 0x0000000708500000|  0%| F|  |TAMS 0x0000000708400000, 0x0000000708400000| Untracked 
|  89|0x0000000708500000, 0x0000000708500000, 0x0000000708600000|  0%| F|  |TAMS 0x0000000708500000, 0x0000000708500000| Untracked 
|  90|0x0000000708600000, 0x0000000708600000, 0x0000000708700000|  0%| F|  |TAMS 0x0000000708600000, 0x0000000708600000| Untracked 
|  91|0x0000000708700000, 0x0000000708700000, 0x0000000708800000|  0%| F|  |TAMS 0x0000000708700000, 0x0000000708700000| Untracked 
|  92|0x0000000708800000, 0x0000000708800000, 0x0000000708900000|  0%| F|  |TAMS 0x0000000708800000, 0x0000000708800000| Untracked 
|  93|0x0000000708900000, 0x0000000708900000, 0x0000000708a00000|  0%| F|  |TAMS 0x0000000708900000, 0x0000000708900000| Untracked 
|  94|0x0000000708a00000, 0x0000000708a00000, 0x0000000708b00000|  0%| F|  |TAMS 0x0000000708a00000, 0x0000000708a00000| Untracked 
|  95|0x0000000708b00000, 0x0000000708b00000, 0x0000000708c00000|  0%| F|  |TAMS 0x0000000708b00000, 0x0000000708b00000| Untracked 
|  96|0x0000000708c00000, 0x0000000708c00000, 0x0000000708d00000|  0%| F|  |TAMS 0x0000000708c00000, 0x0000000708c00000| Untracked 
|  97|0x0000000708d00000, 0x0000000708d00000, 0x0000000708e00000|  0%| F|  |TAMS 0x0000000708d00000, 0x0000000708d00000| Untracked 
|  98|0x0000000708e00000, 0x0000000708e00000, 0x0000000708f00000|  0%| F|  |TAMS 0x0000000708e00000, 0x0000000708e00000| Untracked 
|  99|0x0000000708f00000, 0x0000000708f00000, 0x0000000709000000|  0%| F|  |TAMS 0x0000000708f00000, 0x0000000708f00000| Untracked 
| 100|0x0000000709000000, 0x0000000709000000, 0x0000000709100000|  0%| F|  |TAMS 0x0000000709000000, 0x0000000709000000| Untracked 
| 101|0x0000000709100000, 0x0000000709100000, 0x0000000709200000|  0%| F|  |TAMS 0x0000000709100000, 0x0000000709100000| Untracked 
| 102|0x0000000709200000, 0x0000000709200000, 0x0000000709300000|  0%| F|  |TAMS 0x0000000709200000, 0x0000000709200000| Untracked 
| 103|0x0000000709300000, 0x0000000709300000, 0x0000000709400000|  0%| F|  |TAMS 0x0000000709300000, 0x0000000709300000| Untracked 
| 104|0x0000000709400000, 0x0000000709400000, 0x0000000709500000|  0%| F|  |TAMS 0x0000000709400000, 0x0000000709400000| Untracked 
| 105|0x0000000709500000, 0x0000000709500000, 0x0000000709600000|  0%| F|  |TAMS 0x0000000709500000, 0x0000000709500000| Untracked 
| 106|0x0000000709600000, 0x0000000709600000, 0x0000000709700000|  0%| F|  |TAMS 0x0000000709600000, 0x0000000709600000| Untracked 
| 107|0x0000000709700000, 0x0000000709700000, 0x0000000709800000|  0%| F|  |TAMS 0x0000000709700000, 0x0000000709700000| Untracked 
| 108|0x0000000709800000, 0x0000000709800000, 0x0000000709900000|  0%| F|  |TAMS 0x0000000709800000, 0x0000000709800000| Untracked 
| 109|0x0000000709900000, 0x0000000709900000, 0x0000000709a00000|  0%| F|  |TAMS 0x0000000709900000, 0x0000000709900000| Untracked 
| 110|0x0000000709a00000, 0x0000000709a00000, 0x0000000709b00000|  0%| F|  |TAMS 0x0000000709a00000, 0x0000000709a00000| Untracked 
| 111|0x0000000709b00000, 0x0000000709b00000, 0x0000000709c00000|  0%| F|  |TAMS 0x0000000709b00000, 0x0000000709b00000| Untracked 
| 112|0x0000000709c00000, 0x0000000709c00000, 0x0000000709d00000|  0%| F|  |TAMS 0x0000000709c00000, 0x0000000709c00000| Untracked 
| 113|0x0000000709d00000, 0x0000000709d00000, 0x0000000709e00000|  0%| F|  |TAMS 0x0000000709d00000, 0x0000000709d00000| Untracked 
| 114|0x0000000709e00000, 0x0000000709e00000, 0x0000000709f00000|  0%| F|  |TAMS 0x0000000709e00000, 0x0000000709e00000| Untracked 
| 115|0x0000000709f00000, 0x0000000709f00000, 0x000000070a000000|  0%| F|  |TAMS 0x0000000709f00000, 0x0000000709f00000| Untracked 
| 116|0x000000070a000000, 0x000000070a000000, 0x000000070a100000|  0%| F|  |TAMS 0x000000070a000000, 0x000000070a000000| Untracked 
| 117|0x000000070a100000, 0x000000070a100000, 0x000000070a200000|  0%| F|  |TAMS 0x000000070a100000, 0x000000070a100000| Untracked 
| 118|0x000000070a200000, 0x000000070a200000, 0x000000070a300000|  0%| F|  |TAMS 0x000000070a200000, 0x000000070a200000| Untracked 
| 119|0x000000070a300000, 0x000000070a300000, 0x000000070a400000|  0%| F|  |TAMS 0x000000070a300000, 0x000000070a300000| Untracked 
| 120|0x000000070a400000, 0x000000070a400000, 0x000000070a500000|  0%| F|  |TAMS 0x000000070a400000, 0x000000070a400000| Untracked 
| 121|0x000000070a500000, 0x000000070a500000, 0x000000070a600000|  0%| F|  |TAMS 0x000000070a500000, 0x000000070a500000| Untracked 
| 122|0x000000070a600000, 0x000000070a600000, 0x000000070a700000|  0%| F|  |TAMS 0x000000070a600000, 0x000000070a600000| Untracked 
| 123|0x000000070a700000, 0x000000070a700000, 0x000000070a800000|  0%| F|  |TAMS 0x000000070a700000, 0x000000070a700000| Untracked 
| 124|0x000000070a800000, 0x000000070a800000, 0x000000070a900000|  0%| F|  |TAMS 0x000000070a800000, 0x000000070a800000| Untracked 
| 125|0x000000070a900000, 0x000000070a900000, 0x000000070aa00000|  0%| F|  |TAMS 0x000000070a900000, 0x000000070a900000| Untracked 
| 126|0x000000070aa00000, 0x000000070aa00000, 0x000000070ab00000|  0%| F|  |TAMS 0x000000070aa00000, 0x000000070aa00000| Untracked 
| 127|0x000000070ab00000, 0x000000070ab00000, 0x000000070ac00000|  0%| F|  |TAMS 0x000000070ab00000, 0x000000070ab00000| Untracked 
| 128|0x000000070ac00000, 0x000000070ac00000, 0x000000070ad00000|  0%| F|  |TAMS 0x000000070ac00000, 0x000000070ac00000| Untracked 
| 129|0x000000070ad00000, 0x000000070ad00000, 0x000000070ae00000|  0%| F|  |TAMS 0x000000070ad00000, 0x000000070ad00000| Untracked 
| 130|0x000000070ae00000, 0x000000070ae00000, 0x000000070af00000|  0%| F|  |TAMS 0x000000070ae00000, 0x000000070ae00000| Untracked 
| 131|0x000000070af00000, 0x000000070af00000, 0x000000070b000000|  0%| F|  |TAMS 0x000000070af00000, 0x000000070af00000| Untracked 
| 132|0x000000070b000000, 0x000000070b000000, 0x000000070b100000|  0%| F|  |TAMS 0x000000070b000000, 0x000000070b000000| Untracked 
| 133|0x000000070b100000, 0x000000070b100000, 0x000000070b200000|  0%| F|  |TAMS 0x000000070b100000, 0x000000070b100000| Untracked 
| 134|0x000000070b200000, 0x000000070b200000, 0x000000070b300000|  0%| F|  |TAMS 0x000000070b200000, 0x000000070b200000| Untracked 
| 135|0x000000070b300000, 0x000000070b300000, 0x000000070b400000|  0%| F|  |TAMS 0x000000070b300000, 0x000000070b300000| Untracked 
| 136|0x000000070b400000, 0x000000070b400000, 0x000000070b500000|  0%| F|  |TAMS 0x000000070b400000, 0x000000070b400000| Untracked 
| 137|0x000000070b500000, 0x000000070b500000, 0x000000070b600000|  0%| F|  |TAMS 0x000000070b500000, 0x000000070b500000| Untracked 
| 138|0x000000070b600000, 0x000000070b600000, 0x000000070b700000|  0%| F|  |TAMS 0x000000070b600000, 0x000000070b600000| Untracked 
| 139|0x000000070b700000, 0x000000070b700000, 0x000000070b800000|  0%| F|  |TAMS 0x000000070b700000, 0x000000070b700000| Untracked 
| 140|0x000000070b800000, 0x000000070b800000, 0x000000070b900000|  0%| F|  |TAMS 0x000000070b800000, 0x000000070b800000| Untracked 
| 141|0x000000070b900000, 0x000000070b900000, 0x000000070ba00000|  0%| F|  |TAMS 0x000000070b900000, 0x000000070b900000| Untracked 
| 142|0x000000070ba00000, 0x000000070ba00000, 0x000000070bb00000|  0%| F|  |TAMS 0x000000070ba00000, 0x000000070ba00000| Untracked 
| 143|0x000000070bb00000, 0x000000070bb00000, 0x000000070bc00000|  0%| F|  |TAMS 0x000000070bb00000, 0x000000070bb00000| Untracked 
| 144|0x000000070bc00000, 0x000000070bc00000, 0x000000070bd00000|  0%| F|  |TAMS 0x000000070bc00000, 0x000000070bc00000| Untracked 
| 145|0x000000070bd00000, 0x000000070bd00000, 0x000000070be00000|  0%| F|  |TAMS 0x000000070bd00000, 0x000000070bd00000| Untracked 
| 146|0x000000070be00000, 0x000000070be00000, 0x000000070bf00000|  0%| F|  |TAMS 0x000000070be00000, 0x000000070be00000| Untracked 
| 147|0x000000070bf00000, 0x000000070bf00000, 0x000000070c000000|  0%| F|  |TAMS 0x000000070bf00000, 0x000000070bf00000| Untracked 
| 148|0x000000070c000000, 0x000000070c000000, 0x000000070c100000|  0%| F|  |TAMS 0x000000070c000000, 0x000000070c000000| Untracked 
| 149|0x000000070c100000, 0x000000070c100000, 0x000000070c200000|  0%| F|  |TAMS 0x000000070c100000, 0x000000070c100000| Untracked 
| 150|0x000000070c200000, 0x000000070c200000, 0x000000070c300000|  0%| F|  |TAMS 0x000000070c200000, 0x000000070c200000| Untracked 
| 151|0x000000070c300000, 0x000000070c300000, 0x000000070c400000|  0%| F|  |TAMS 0x000000070c300000, 0x000000070c300000| Untracked 
| 152|0x000000070c400000, 0x000000070c400000, 0x000000070c500000|  0%| F|  |TAMS 0x000000070c400000, 0x000000070c400000| Untracked 
| 153|0x000000070c500000, 0x000000070c500000, 0x000000070c600000|  0%| F|  |TAMS 0x000000070c500000, 0x000000070c500000| Untracked 
| 154|0x000000070c600000, 0x000000070c600000, 0x000000070c700000|  0%| F|  |TAMS 0x000000070c600000, 0x000000070c600000| Untracked 
| 155|0x000000070c700000, 0x000000070c700000, 0x000000070c800000|  0%| F|  |TAMS 0x000000070c700000, 0x000000070c700000| Untracked 
| 156|0x000000070c800000, 0x000000070c800000, 0x000000070c900000|  0%| F|  |TAMS 0x000000070c800000, 0x000000070c800000| Untracked 
| 157|0x000000070c900000, 0x000000070c900000, 0x000000070ca00000|  0%| F|  |TAMS 0x000000070c900000, 0x000000070c900000| Untracked 
| 158|0x000000070ca00000, 0x000000070ca00000, 0x000000070cb00000|  0%| F|  |TAMS 0x000000070ca00000, 0x000000070ca00000| Untracked 
| 159|0x000000070cb00000, 0x000000070cb00000, 0x000000070cc00000|  0%| F|  |TAMS 0x000000070cb00000, 0x000000070cb00000| Untracked 
| 160|0x000000070cc00000, 0x000000070cc00000, 0x000000070cd00000|  0%| F|  |TAMS 0x000000070cc00000, 0x000000070cc00000| Untracked 
| 161|0x000000070cd00000, 0x000000070cd00000, 0x000000070ce00000|  0%| F|  |TAMS 0x000000070cd00000, 0x000000070cd00000| Untracked 
| 162|0x000000070ce00000, 0x000000070ce00000, 0x000000070cf00000|  0%| F|  |TAMS 0x000000070ce00000, 0x000000070ce00000| Untracked 
| 163|0x000000070cf00000, 0x000000070cf00000, 0x000000070d000000|  0%| F|  |TAMS 0x000000070cf00000, 0x000000070cf00000| Untracked 
| 164|0x000000070d000000, 0x000000070d000000, 0x000000070d100000|  0%| F|  |TAMS 0x000000070d000000, 0x000000070d000000| Untracked 
| 165|0x000000070d100000, 0x000000070d100000, 0x000000070d200000|  0%| F|  |TAMS 0x000000070d100000, 0x000000070d100000| Untracked 
| 166|0x000000070d200000, 0x000000070d200000, 0x000000070d300000|  0%| F|  |TAMS 0x000000070d200000, 0x000000070d200000| Untracked 
| 167|0x000000070d300000, 0x000000070d300000, 0x000000070d400000|  0%| F|  |TAMS 0x000000070d300000, 0x000000070d300000| Untracked 
| 168|0x000000070d400000, 0x000000070d400000, 0x000000070d500000|  0%| F|  |TAMS 0x000000070d400000, 0x000000070d400000| Untracked 
| 169|0x000000070d500000, 0x000000070d500000, 0x000000070d600000|  0%| F|  |TAMS 0x000000070d500000, 0x000000070d500000| Untracked 
| 170|0x000000070d600000, 0x000000070d600000, 0x000000070d700000|  0%| F|  |TAMS 0x000000070d600000, 0x000000070d600000| Untracked 
| 171|0x000000070d700000, 0x000000070d700000, 0x000000070d800000|  0%| F|  |TAMS 0x000000070d700000, 0x000000070d700000| Untracked 
| 172|0x000000070d800000, 0x000000070d800000, 0x000000070d900000|  0%| F|  |TAMS 0x000000070d800000, 0x000000070d800000| Untracked 
| 173|0x000000070d900000, 0x000000070d900000, 0x000000070da00000|  0%| F|  |TAMS 0x000000070d900000, 0x000000070d900000| Untracked 
| 174|0x000000070da00000, 0x000000070da00000, 0x000000070db00000|  0%| F|  |TAMS 0x000000070da00000, 0x000000070da00000| Untracked 
| 175|0x000000070db00000, 0x000000070db00000, 0x000000070dc00000|  0%| F|  |TAMS 0x000000070db00000, 0x000000070db00000| Untracked 
| 176|0x000000070dc00000, 0x000000070dc00000, 0x000000070dd00000|  0%| F|  |TAMS 0x000000070dc00000, 0x000000070dc00000| Untracked 
| 177|0x000000070dd00000, 0x000000070dd00000, 0x000000070de00000|  0%| F|  |TAMS 0x000000070dd00000, 0x000000070dd00000| Untracked 
| 178|0x000000070de00000, 0x000000070de00000, 0x000000070df00000|  0%| F|  |TAMS 0x000000070de00000, 0x000000070de00000| Untracked 
| 179|0x000000070df00000, 0x000000070df00000, 0x000000070e000000|  0%| F|  |TAMS 0x000000070df00000, 0x000000070df00000| Untracked 
| 180|0x000000070e000000, 0x000000070e000000, 0x000000070e100000|  0%| F|  |TAMS 0x000000070e000000, 0x000000070e000000| Untracked 
| 181|0x000000070e100000, 0x000000070e100000, 0x000000070e200000|  0%| F|  |TAMS 0x000000070e100000, 0x000000070e100000| Untracked 
| 182|0x000000070e200000, 0x000000070e200000, 0x000000070e300000|  0%| F|  |TAMS 0x000000070e200000, 0x000000070e200000| Untracked 
| 183|0x000000070e300000, 0x000000070e300000, 0x000000070e400000|  0%| F|  |TAMS 0x000000070e300000, 0x000000070e300000| Untracked 
| 184|0x000000070e400000, 0x000000070e400000, 0x000000070e500000|  0%| F|  |TAMS 0x000000070e400000, 0x000000070e400000| Untracked 
| 185|0x000000070e500000, 0x000000070e500000, 0x000000070e600000|  0%| F|  |TAMS 0x000000070e500000, 0x000000070e500000| Untracked 
| 186|0x000000070e600000, 0x000000070e600000, 0x000000070e700000|  0%| F|  |TAMS 0x000000070e600000, 0x000000070e600000| Untracked 
| 187|0x000000070e700000, 0x000000070e700000, 0x000000070e800000|  0%| F|  |TAMS 0x000000070e700000, 0x000000070e700000| Untracked 
| 188|0x000000070e800000, 0x000000070e800000, 0x000000070e900000|  0%| F|  |TAMS 0x000000070e800000, 0x000000070e800000| Untracked 
| 189|0x000000070e900000, 0x000000070e900000, 0x000000070ea00000|  0%| F|  |TAMS 0x000000070e900000, 0x000000070e900000| Untracked 
| 190|0x000000070ea00000, 0x000000070ea00000, 0x000000070eb00000|  0%| F|  |TAMS 0x000000070ea00000, 0x000000070ea00000| Untracked 
| 191|0x000000070eb00000, 0x000000070eb00000, 0x000000070ec00000|  0%| F|  |TAMS 0x000000070eb00000, 0x000000070eb00000| Untracked 
| 192|0x000000070ec00000, 0x000000070ec00000, 0x000000070ed00000|  0%| F|  |TAMS 0x000000070ec00000, 0x000000070ec00000| Untracked 
| 193|0x000000070ed00000, 0x000000070ed00000, 0x000000070ee00000|  0%| F|  |TAMS 0x000000070ed00000, 0x000000070ed00000| Untracked 
| 194|0x000000070ee00000, 0x000000070ee00000, 0x000000070ef00000|  0%| F|  |TAMS 0x000000070ee00000, 0x000000070ee00000| Untracked 
| 195|0x000000070ef00000, 0x000000070ef00000, 0x000000070f000000|  0%| F|  |TAMS 0x000000070ef00000, 0x000000070ef00000| Untracked 
| 196|0x000000070f000000, 0x000000070f000000, 0x000000070f100000|  0%| F|  |TAMS 0x000000070f000000, 0x000000070f000000| Untracked 
| 197|0x000000070f100000, 0x000000070f100000, 0x000000070f200000|  0%| F|  |TAMS 0x000000070f100000, 0x000000070f100000| Untracked 
| 198|0x000000070f200000, 0x000000070f200000, 0x000000070f300000|  0%| F|  |TAMS 0x000000070f200000, 0x000000070f200000| Untracked 
| 199|0x000000070f300000, 0x000000070f300000, 0x000000070f400000|  0%| F|  |TAMS 0x000000070f300000, 0x000000070f300000| Untracked 
| 200|0x000000070f400000, 0x000000070f400000, 0x000000070f500000|  0%| F|  |TAMS 0x000000070f400000, 0x000000070f400000| Untracked 
| 201|0x000000070f500000, 0x000000070f500000, 0x000000070f600000|  0%| F|  |TAMS 0x000000070f500000, 0x000000070f500000| Untracked 
| 202|0x000000070f600000, 0x000000070f600000, 0x000000070f700000|  0%| F|  |TAMS 0x000000070f600000, 0x000000070f600000| Untracked 
| 203|0x000000070f700000, 0x000000070f700000, 0x000000070f800000|  0%| F|  |TAMS 0x000000070f700000, 0x000000070f700000| Untracked 
| 204|0x000000070f800000, 0x000000070f800000, 0x000000070f900000|  0%| F|  |TAMS 0x000000070f800000, 0x000000070f800000| Untracked 
| 205|0x000000070f900000, 0x000000070f900000, 0x000000070fa00000|  0%| F|  |TAMS 0x000000070f900000, 0x000000070f900000| Untracked 
| 206|0x000000070fa00000, 0x000000070fa00000, 0x000000070fb00000|  0%| F|  |TAMS 0x000000070fa00000, 0x000000070fa00000| Untracked 
| 207|0x000000070fb00000, 0x000000070fb00000, 0x000000070fc00000|  0%| F|  |TAMS 0x000000070fb00000, 0x000000070fb00000| Untracked 
| 208|0x000000070fc00000, 0x000000070fc00000, 0x000000070fd00000|  0%| F|  |TAMS 0x000000070fc00000, 0x000000070fc00000| Untracked 
| 209|0x000000070fd00000, 0x000000070fd00000, 0x000000070fe00000|  0%| F|  |TAMS 0x000000070fd00000, 0x000000070fd00000| Untracked 
| 210|0x000000070fe00000, 0x000000070fe00000, 0x000000070ff00000|  0%| F|  |TAMS 0x000000070fe00000, 0x000000070fe00000| Untracked 
| 211|0x000000070ff00000, 0x000000070ff00000, 0x0000000710000000|  0%| F|  |TAMS 0x000000070ff00000, 0x000000070ff00000| Untracked 
| 212|0x0000000710000000, 0x0000000710000000, 0x0000000710100000|  0%| F|  |TAMS 0x0000000710000000, 0x0000000710000000| Untracked 
| 213|0x0000000710100000, 0x0000000710100000, 0x0000000710200000|  0%| F|  |TAMS 0x0000000710100000, 0x0000000710100000| Untracked 
| 214|0x0000000710200000, 0x0000000710200000, 0x0000000710300000|  0%| F|  |TAMS 0x0000000710200000, 0x0000000710200000| Untracked 
| 215|0x0000000710300000, 0x0000000710300000, 0x0000000710400000|  0%| F|  |TAMS 0x0000000710300000, 0x0000000710300000| Untracked 
| 216|0x0000000710400000, 0x0000000710400000, 0x0000000710500000|  0%| F|  |TAMS 0x0000000710400000, 0x0000000710400000| Untracked 
| 217|0x0000000710500000, 0x0000000710500000, 0x0000000710600000|  0%| F|  |TAMS 0x0000000710500000, 0x0000000710500000| Untracked 
| 218|0x0000000710600000, 0x0000000710600000, 0x0000000710700000|  0%| F|  |TAMS 0x0000000710600000, 0x0000000710600000| Untracked 
| 219|0x0000000710700000, 0x0000000710700000, 0x0000000710800000|  0%| F|  |TAMS 0x0000000710700000, 0x0000000710700000| Untracked 
| 220|0x0000000710800000, 0x0000000710800000, 0x0000000710900000|  0%| F|  |TAMS 0x0000000710800000, 0x0000000710800000| Untracked 
| 221|0x0000000710900000, 0x0000000710900000, 0x0000000710a00000|  0%| F|  |TAMS 0x0000000710900000, 0x0000000710900000| Untracked 
| 222|0x0000000710a00000, 0x0000000710a00000, 0x0000000710b00000|  0%| F|  |TAMS 0x0000000710a00000, 0x0000000710a00000| Untracked 
| 223|0x0000000710b00000, 0x0000000710b00000, 0x0000000710c00000|  0%| F|  |TAMS 0x0000000710b00000, 0x0000000710b00000| Untracked 
| 224|0x0000000710c00000, 0x0000000710c00000, 0x0000000710d00000|  0%| F|  |TAMS 0x0000000710c00000, 0x0000000710c00000| Untracked 
| 225|0x0000000710d00000, 0x0000000710d00000, 0x0000000710e00000|  0%| F|  |TAMS 0x0000000710d00000, 0x0000000710d00000| Untracked 
| 226|0x0000000710e00000, 0x0000000710e00000, 0x0000000710f00000|  0%| F|  |TAMS 0x0000000710e00000, 0x0000000710e00000| Untracked 
| 227|0x0000000710f00000, 0x0000000710f00000, 0x0000000711000000|  0%| F|  |TAMS 0x0000000710f00000, 0x0000000710f00000| Untracked 
| 228|0x0000000711000000, 0x0000000711000000, 0x0000000711100000|  0%| F|  |TAMS 0x0000000711000000, 0x0000000711000000| Untracked 
| 229|0x0000000711100000, 0x0000000711100000, 0x0000000711200000|  0%| F|  |TAMS 0x0000000711100000, 0x0000000711100000| Untracked 
| 230|0x0000000711200000, 0x0000000711200000, 0x0000000711300000|  0%| F|  |TAMS 0x0000000711200000, 0x0000000711200000| Untracked 
| 231|0x0000000711300000, 0x0000000711300000, 0x0000000711400000|  0%| F|  |TAMS 0x0000000711300000, 0x0000000711300000| Untracked 
| 232|0x0000000711400000, 0x0000000711400000, 0x0000000711500000|  0%| F|  |TAMS 0x0000000711400000, 0x0000000711400000| Untracked 
| 233|0x0000000711500000, 0x0000000711500000, 0x0000000711600000|  0%| F|  |TAMS 0x0000000711500000, 0x0000000711500000| Untracked 
| 234|0x0000000711600000, 0x0000000711600000, 0x0000000711700000|  0%| F|  |TAMS 0x0000000711600000, 0x0000000711600000| Untracked 
| 235|0x0000000711700000, 0x0000000711700000, 0x0000000711800000|  0%| F|  |TAMS 0x0000000711700000, 0x0000000711700000| Untracked 
| 236|0x0000000711800000, 0x0000000711800000, 0x0000000711900000|  0%| F|  |TAMS 0x0000000711800000, 0x0000000711800000| Untracked 
| 237|0x0000000711900000, 0x0000000711900000, 0x0000000711a00000|  0%| F|  |TAMS 0x0000000711900000, 0x0000000711900000| Untracked 
| 238|0x0000000711a00000, 0x0000000711a00000, 0x0000000711b00000|  0%| F|  |TAMS 0x0000000711a00000, 0x0000000711a00000| Untracked 
| 239|0x0000000711b00000, 0x0000000711b00000, 0x0000000711c00000|  0%| F|  |TAMS 0x0000000711b00000, 0x0000000711b00000| Untracked 
| 240|0x0000000711c00000, 0x0000000711c00000, 0x0000000711d00000|  0%| F|  |TAMS 0x0000000711c00000, 0x0000000711c00000| Untracked 
| 241|0x0000000711d00000, 0x0000000711d00000, 0x0000000711e00000|  0%| F|  |TAMS 0x0000000711d00000, 0x0000000711d00000| Untracked 
| 242|0x0000000711e00000, 0x0000000711e00000, 0x0000000711f00000|  0%| F|  |TAMS 0x0000000711e00000, 0x0000000711e00000| Untracked 
| 243|0x0000000711f00000, 0x0000000711f00000, 0x0000000712000000|  0%| F|  |TAMS 0x0000000711f00000, 0x0000000711f00000| Untracked 
| 244|0x0000000712000000, 0x0000000712000000, 0x0000000712100000|  0%| F|  |TAMS 0x0000000712000000, 0x0000000712000000| Untracked 
| 245|0x0000000712100000, 0x0000000712100000, 0x0000000712200000|  0%| F|  |TAMS 0x0000000712100000, 0x0000000712100000| Untracked 
| 246|0x0000000712200000, 0x0000000712200000, 0x0000000712300000|  0%| F|  |TAMS 0x0000000712200000, 0x0000000712200000| Untracked 
| 247|0x0000000712300000, 0x0000000712300000, 0x0000000712400000|  0%| F|  |TAMS 0x0000000712300000, 0x0000000712300000| Untracked 
| 248|0x0000000712400000, 0x000000071247b708, 0x0000000712500000| 48%| E|  |TAMS 0x0000000712400000, 0x0000000712400000| Complete 
| 249|0x0000000712500000, 0x0000000712600000, 0x0000000712600000|100%| E|CS|TAMS 0x0000000712500000, 0x0000000712500000| Complete 
| 250|0x0000000712600000, 0x0000000712700000, 0x0000000712700000|100%| E|CS|TAMS 0x0000000712600000, 0x0000000712600000| Complete 
| 251|0x0000000712700000, 0x0000000712800000, 0x0000000712800000|100%| E|  |TAMS 0x0000000712700000, 0x0000000712700000| Complete 
| 252|0x0000000712800000, 0x0000000712900000, 0x0000000712900000|100%| E|CS|TAMS 0x0000000712800000, 0x0000000712800000| Complete 
| 253|0x0000000712900000, 0x0000000712a00000, 0x0000000712a00000|100%| E|CS|TAMS 0x0000000712900000, 0x0000000712900000| Complete 

Card table byte_map: [0x00000223de460000,0x00000223dec50000] _byte_map_base: 0x00000223dac4a000

Marking Bits (Prev, Next): (CMBitMap*) 0x00000223c4284c08, (CMBitMap*) 0x00000223c4284c48
 Prev Bits: [0x00000223df440000, 0x00000223e3390000)
 Next Bits: [0x00000223e3390000, 0x00000223e72e0000)

Polling page: 0x00000223c40d0000

Metaspace:

Usage:
  Non-class:      4.55 MB capacity,     2.52 MB ( 55%) used,     2.03 MB ( 45%) free+waste,     2.94 KB ( <1%) overhead. 
      Class:    443.00 KB capacity,   258.90 KB ( 58%) used,   182.54 KB ( 41%) free+waste,     1.56 KB ( <1%) overhead. 
       Both:      4.98 MB capacity,     2.77 MB ( 56%) used,     2.20 MB ( 44%) free+waste,     4.50 KB ( <1%) overhead. 

Virtual space:
  Non-class space:        8.00 MB reserved,       4.75 MB ( 59%) committed 
      Class space:        1.00 GB reserved,     512.00 KB ( <1%) committed 
             Both:        1.01 GB reserved,       5.25 MB ( <1%) committed 

Chunk freelists:
   Non-Class:  1.75 KB
       Class:  640 bytes
        Both:  2.38 KB

CodeHeap 'non-profiled nmethods': size=120000Kb used=147Kb max_used=147Kb free=119852Kb
 bounds [0x00000223d5ce0000, 0x00000223d5f50000, 0x00000223dd210000]
CodeHeap 'profiled nmethods': size=120000Kb used=776Kb max_used=833Kb free=119223Kb
 bounds [0x00000223ce7b0000, 0x00000223cea20000, 0x00000223d5ce0000]
CodeHeap 'non-nmethods': size=5760Kb used=1162Kb max_used=1178Kb free=4597Kb
 bounds [0x00000223ce210000, 0x00000223ce480000, 0x00000223ce7b0000]
 total_blobs=947 nmethods=425 adapters=279
 compilation: enabled
              stopped_count=0, restarted_count=0
 full_count=0

Compilation events (10 events):
Event: 255908.184 Thread 0x00000223ea72b800  461       4       org.eclipse.jdt.launching.internal.org.objectweb.asm.ClassReader::readUtf (44 bytes)
Event: 255908.209 Thread 0x00000223ea72b800 nmethod 461 0x00000223d5d03410 code [0x00000223d5d03600, 0x00000223d5d04558]
Event: 256025.379 Thread 0x00000223ea72b800  462       4       org.eclipse.jdt.launching.internal.org.objectweb.asm.ClassReader::readInt (52 bytes)
Event: 256025.380 Thread 0x00000223ea72f000  464       3       org.eclipse.jdt.launching.internal.org.objectweb.asm.ClassReader::readVerificationTypeInfo (184 bytes)
Event: 256025.382 Thread 0x00000223ea72f000 nmethod 464 0x00000223ce880590 code [0x00000223ce8808e0, 0x00000223ce8826d0]
Event: 256025.382 Thread 0x00000223ea72f000  465       3       org.eclipse.jdt.launching.internal.org.objectweb.asm.MethodWriter::putFrameType (83 bytes)
Event: 256025.382 Thread 0x00000223ea72b800 nmethod 462 0x00000223d5ced390 code [0x00000223d5ced540, 0x00000223d5ced678]
Event: 256025.382 Thread 0x00000223ea72b800  463       4       org.eclipse.jdt.launching.internal.org.objectweb.asm.ByteVector::putByte (39 bytes)
Event: 256025.382 Thread 0x00000223ea72f000 nmethod 465 0x00000223ce7b1410 code [0x00000223ce7b1680, 0x00000223ce7b2080]
Event: 256025.384 Thread 0x00000223ea72b800 nmethod 463 0x00000223d5d04c90 code [0x00000223d5d04e40, 0x00000223d5d04fc8]

GC Heap History (0 events):
No events

Deoptimization events (3 events):
Event: 0.423 Thread 0x00000223c421d000 Uncommon trap: reason=class_check action=maybe_recompile pc=0x00000223d5cedd6c method=java.util.HashMap.putVal(ILjava/lang/Object;Ljava/lang/Object;ZZ)Ljava/lang/Object; @ 152 c2
Event: 0.450 Thread 0x00000223c421d000 Uncommon trap: reason=unstable_if action=reinterpret pc=0x00000223d5cede74 method=java.util.HashMap.putVal(ILjava/lang/Object;Ljava/lang/Object;ZZ)Ljava/lang/Object; @ 181 c2
Event: 0.596 Thread 0x00000223c421d000 Uncommon trap: reason=unstable_if action=reinterpret pc=0x00000223d5cee82c method=java.lang.String.isLatin1()Z @ 10 c2

Classes redefined (6 events):
Event: 5274.254 Thread 0x00000223ea704800 redefined class name=MainClassTestClient, count=1
Event: 8931.503 Thread 0x00000223ea704800 redefined class name=MainClassTestClient, count=2
Event: 31194.963 Thread 0x00000223ea704800 redefined class name=MainClassTestClient, count=3
Event: 255908.167 Thread 0x00000223ea704800 redefined class name=MainClassTestClient, count=4
Event: 255920.303 Thread 0x00000223ea704800 redefined class name=MainClassTestClient, count=5
Event: 255951.198 Thread 0x00000223ea704800 redefined class name=MainClassTestClient, count=6

Internal exceptions (0 events):
No events

Events (10 events):
Event: 256028.302 Executing VM operation: GetCurrentContendedMonitor done
Event: 256028.302 Executing VM operation: GetOwnedMonitorInfo
Event: 256028.302 Executing VM operation: GetOwnedMonitorInfo done
Event: 256029.499 Executing VM operation: GetFrameCount
Event: 256029.499 Executing VM operation: GetFrameCount done
Event: 256029.499 Executing VM operation: GetOwnedMonitorInfo
Event: 256029.499 Executing VM operation: GetOwnedMonitorInfo done
Event: 256029.500 Executing VM operation: GetCurrentContendedMonitor
Event: 256029.500 Executing VM operation: GetCurrentContendedMonitor done
Event: 256029.699 Executing VM operation: GetOrSetLocal


Dynamic libraries:
0x00007ff7a8320000 - 0x00007ff7a832f000 	C:\Program Files\Java\jdk-12.0.2\bin\javaw.exe
0x00007ffa43a40000 - 0x00007ffa43c30000 	C:\WINDOWS\SYSTEM32\ntdll.dll
0x00007ffa41e80000 - 0x00007ffa41f32000 	C:\WINDOWS\System32\KERNEL32.DLL
0x00007ffa41620000 - 0x00007ffa418c3000 	C:\WINDOWS\System32\KERNELBASE.dll
0x00007ffa15d20000 - 0x00007ffa15de4000 	C:\Program Files\Bitdefender\Bitdefender Security\atcuf\264375977222016367\atcuf64.dll
0x00007ffa414c0000 - 0x00007ffa415ba000 	C:\WINDOWS\System32\ucrtbase.dll
0x00007ffa3b5e0000 - 0x00007ffa3b5f8000 	C:\Program Files\Java\jdk-12.0.2\bin\jli.dll
0x00007ffa42480000 - 0x00007ffa42523000 	C:\WINDOWS\System32\ADVAPI32.dll
0x00007ffa43120000 - 0x00007ffa431be000 	C:\WINDOWS\System32\msvcrt.dll
0x00007ffa42ac0000 - 0x00007ffa42b57000 	C:\WINDOWS\System32\sechost.dll
0x00007ffa438e0000 - 0x00007ffa43a00000 	C:\WINDOWS\System32\RPCRT4.dll
0x00007ffa42810000 - 0x00007ffa429a4000 	C:\WINDOWS\System32\USER32.dll
0x00007ffa40bc0000 - 0x00007ffa40be1000 	C:\WINDOWS\System32\win32u.dll
0x00007ffa425b0000 - 0x00007ffa425d6000 	C:\WINDOWS\System32\GDI32.dll
0x00007ffa418d0000 - 0x00007ffa41a64000 	C:\WINDOWS\System32\gdi32full.dll
0x00007ffa409d0000 - 0x00007ffa40a6e000 	C:\WINDOWS\System32\msvcp_win.dll
0x00007ffa3b580000 - 0x00007ffa3b596000 	C:\Program Files\Java\jdk-12.0.2\bin\VCRUNTIME140.dll
0x00007ffa263c0000 - 0x00007ffa26645000 	C:\WINDOWS\WinSxS\amd64_microsoft.windows.common-controls_6595b64144ccf1df_6.0.18362.476_none_e6c4b11b130f2595\COMCTL32.dll
0x00007ffa42b70000 - 0x00007ffa42ea6000 	C:\WINDOWS\System32\combase.dll
0x00007ffa41440000 - 0x00007ffa414c0000 	C:\WINDOWS\System32\bcryptPrimitives.dll
0x00007ffa3a520000 - 0x00007ffa3a52a000 	C:\WINDOWS\SYSTEM32\VERSION.dll
0x00007ffa438b0000 - 0x00007ffa438de000 	C:\WINDOWS\System32\IMM32.DLL
0x00007ffa2f370000 - 0x00007ffa2f41a000 	C:\Program Files\Java\jdk-12.0.2\bin\msvcp140.dll
0x00007ff9ef9e0000 - 0x00007ff9f0557000 	C:\Program Files\Java\jdk-12.0.2\bin\server\jvm.dll
0x00007ffa42800000 - 0x00007ffa42808000 	C:\WINDOWS\System32\PSAPI.DLL
0x00007ffa23cd0000 - 0x00007ffa23cd9000 	C:\WINDOWS\SYSTEM32\WSOCK32.dll
0x00007ffa425e0000 - 0x00007ffa4264f000 	C:\WINDOWS\System32\WS2_32.dll
0x00007ffa3ab90000 - 0x00007ffa3abb4000 	C:\WINDOWS\SYSTEM32\WINMM.dll
0x00007ffa3a780000 - 0x00007ffa3a7ad000 	C:\WINDOWS\SYSTEM32\WINMMBASE.dll
0x00007ffa41a70000 - 0x00007ffa41aba000 	C:\WINDOWS\System32\cfgmgr32.dll
0x00007ffa40960000 - 0x00007ffa40971000 	C:\WINDOWS\System32\kernel.appcore.dll
0x00007ffa1b800000 - 0x00007ffa1b811000 	C:\Program Files\Java\jdk-12.0.2\bin\verify.dll
0x00007ffa3e300000 - 0x00007ffa3e4f4000 	C:\WINDOWS\SYSTEM32\DBGHELP.DLL
0x00007ffa21d10000 - 0x00007ffa21d3a000 	C:\WINDOWS\SYSTEM32\dbgcore.DLL
0x00007ffa15080000 - 0x00007ffa150a6000 	C:\Program Files\Java\jdk-12.0.2\bin\java.dll
0x00007ffa2f130000 - 0x00007ffa2f168000 	C:\Program Files\Java\jdk-12.0.2\bin\jdwp.dll
0x00007ffa3cd40000 - 0x00007ffa3cd4e000 	C:\Program Files\Java\jdk-12.0.2\bin\instrument.dll
0x00007ffa0d170000 - 0x00007ffa0d187000 	C:\Program Files\Java\jdk-12.0.2\bin\zip.dll
0x00007ffa1b730000 - 0x00007ffa1b73a000 	C:\Program Files\Java\jdk-12.0.2\bin\jimage.dll
0x00007ffa431c0000 - 0x00007ffa438a5000 	C:\WINDOWS\System32\SHELL32.dll
0x00007ffa42eb0000 - 0x00007ffa42f59000 	C:\WINDOWS\System32\shcore.dll
0x00007ffa40bf0000 - 0x00007ffa4136e000 	C:\WINDOWS\System32\windows.storage.dll
0x00007ffa40920000 - 0x00007ffa4093f000 	C:\WINDOWS\System32\profapi.dll
0x00007ffa40980000 - 0x00007ffa409ca000 	C:\WINDOWS\System32\powrprof.dll
0x00007ffa40910000 - 0x00007ffa40920000 	C:\WINDOWS\System32\UMPDC.dll
0x00007ffa423b0000 - 0x00007ffa42402000 	C:\WINDOWS\System32\shlwapi.dll
0x00007ffa41420000 - 0x00007ffa41437000 	C:\WINDOWS\System32\cryptsp.dll
0x00007ffa3c060000 - 0x00007ffa3c06a000 	C:\Program Files\Java\jdk-12.0.2\bin\dt_socket.dll
0x00007ffa40180000 - 0x00007ffa401e7000 	C:\WINDOWS\System32\mswsock.dll
0x00007ffa3fed0000 - 0x00007ffa3ff9a000 	C:\WINDOWS\SYSTEM32\DNSAPI.dll
0x00007ffa42b60000 - 0x00007ffa42b68000 	C:\WINDOWS\System32\NSI.dll
0x00007ffa3fe90000 - 0x00007ffa3feca000 	C:\WINDOWS\SYSTEM32\IPHLPAPI.DLL
0x00007ffa357f0000 - 0x00007ffa35867000 	C:\WINDOWS\System32\fwpuclnt.dll
0x00007ffa41ac0000 - 0x00007ffa41ae6000 	C:\WINDOWS\System32\bcrypt.dll
0x00007ffa3a4a0000 - 0x00007ffa3a4aa000 	C:\Windows\System32\rasadhlp.dll
0x00007ffa0d060000 - 0x00007ffa0d079000 	C:\Program Files\Java\jdk-12.0.2\bin\net.dll
0x00007ffa3ed80000 - 0x00007ffa3ee70000 	C:\WINDOWS\SYSTEM32\WINHTTP.dll
0x00007ffa37370000 - 0x00007ffa37546000 	C:\WINDOWS\SYSTEM32\urlmon.dll
0x00007ffa36ff0000 - 0x00007ffa37296000 	C:\WINDOWS\SYSTEM32\iertutil.dll
0x00007ffa40350000 - 0x00007ffa4035c000 	C:\WINDOWS\SYSTEM32\CRYPTBASE.DLL
0x00007ffa04b30000 - 0x00007ffa04b43000 	C:\Program Files\Java\jdk-12.0.2\bin\nio.dll

dbghelp: loaded successfully - version: 4.0.5 - missing functions: none
symbol engine: initialized successfully - sym options: 0x614 - pdb path: .;C:\Program Files\Java\jdk-12.0.2\bin;C:\WINDOWS\SYSTEM32;C:\Program Files\Bitdefender\Bitdefender Security\atcuf\264375977222016367;C:\WINDOWS\WinSxS\amd64_microsoft.windows.common-controls_6595b64144ccf1df_6.0.18362.476_none_e6c4b11b130f2595;C:\Program Files\Java\jdk-12.0.2\bin\server

VM Arguments:
jvm_args: -agentlib:jdwp=transport=dt_socket,suspend=y,address=localhost:52911 -javaagent:C:\Users\jtijb\eclipse\java-2019-062\eclipse\configuration\org.eclipse.osgi\226\0\.cp\lib\javaagent-shaded.jar -Dfile.encoding=Cp1252 
java_command: MainClassTestClient
java_class_path (initial): C:\Users\jtijb\Documents\GitHub\Practica3\prog_34\Practical3\bin
Launcher Type: SUN_STANDARD

[Global flags]
     intx CICompilerCount                          = 4                                         {product} {ergonomic}
     uint ConcGCThreads                            = 2                                         {product} {ergonomic}
     uint G1ConcRefinementThreads                  = 8                                         {product} {ergonomic}
   size_t G1HeapRegionSize                         = 1048576                                   {product} {ergonomic}
    uintx GCDrainStackTargetSize                   = 64                                        {product} {ergonomic}
   size_t InitialHeapSize                          = 266338304                                 {product} {ergonomic}
   size_t MarkStackSize                            = 4194304                                   {product} {ergonomic}
   size_t MaxHeapSize                              = 4248829952                                {product} {ergonomic}
   size_t MaxNewSize                               = 2549088256                                {product} {ergonomic}
   size_t MinHeapDeltaBytes                        = 1048576                                   {product} {ergonomic}
    uintx NonNMethodCodeHeapSize                   = 5836300                                {pd product} {ergonomic}
    uintx NonProfiledCodeHeapSize                  = 122910970                              {pd product} {ergonomic}
    uintx ProfiledCodeHeapSize                     = 122910970                              {pd product} {ergonomic}
    uintx ReservedCodeCacheSize                    = 251658240                              {pd product} {ergonomic}
     bool SegmentedCodeCache                       = true                                      {product} {ergonomic}
     bool UseCompressedClassPointers               = true                                 {lp64_product} {ergonomic}
     bool UseCompressedOops                        = true                                 {lp64_product} {ergonomic}
     bool UseG1GC                                  = true                                      {product} {ergonomic}
     bool UseLargePagesIndividualAllocation        = false                                  {pd product} {ergonomic}

Logging:
Log output configuration:
 #0: stdout all=warning uptime,level,tags
 #1: stderr all=off uptime,level,tags

Environment Variables:
PATH=C:/Program Files/Java/jdk-12.0.2/bin/server;C:/Program Files/Java/jdk-12.0.2/bin;C:\Program Files (x86)\Common Files\Oracle\Java\javapath;C:\Program Files (x86)\Intel\iCLS Client\;C:\Program Files\Intel\iCLS Client\;C:\WINDOWS\system32;C:\WINDOWS;C:\WINDOWS\System32\Wbem;C:\WINDOWS\System32\WindowsPowerShell\v1.0\;C:\WINDOWS\System32\OpenSSH\;C:\Program Files (x86)\IVI Foundation\VISA\WinNT\Bin\;C:\Program Files\IVI Foundation\VISA\Win64\Bin\;C:\Program Files (x86)\IVI Foundation\VISA\WinNT\Bin;C:\Program Files\MATLAB\R2018b\bin;C:\Program Files (x86)\Intel\Intel(R) Management Engine Components\DAL;C:\Program Files\Intel\Intel(R) Management Engine Components\DAL;C:\Program Files (x86)\Intel\Intel(R) Management Engine Components\IPT;C:\Program Files\Intel\Intel(R) Management Engine Components\IPT;C:\Program Files\OpenVPN\bin;C:\Program Files\Intel\WiFi\bin\;C:\Program Files\Common Files\Intel\WirelessCommon\;C:\Program Files\PuTTY\;C:\Users\jtijb\AppData\Local\Microsoft\WindowsApps;C:\Users\jtijb\AppData\Local\GitHubDesktop\bin;C:\WINDOWS\system32;
USERNAME=jtijb
OS=Windows_NT
PROCESSOR_IDENTIFIER=Intel64 Family 6 Model 158 Stepping 9, GenuineIntel



---------------  S Y S T E M  ---------------

OS: Windows 10 , 64 bit Build 18362 (10.0.18362.329)

CPU:total 8 (initial active 8) (4 cores per cpu, 2 threads per core) family 6 model 158 stepping 9, cmov, cx8, fxsr, mmx, sse, sse2, sse3, ssse3, sse4.1, sse4.2, popcnt, avx, avx2, aes, clmul, erms, 3dnowpref, lzcnt, ht, tsc, tscinvbit, bmi1, bmi2, adx, fma

Memory: 4k page, system-wide physical 16206M (8695M free)
TotalPageFile size 21253M (AvailPageFile size 3952M)
current process WorkingSet (physical memory assigned to process): 23M, peak: 44M
current process commit charge ("private bytes"): 355M, peak: 363M

vm_info: Java HotSpot(TM) 64-Bit Server VM (12.0.2+10) for windows-amd64 JRE (12.0.2+10), built on Jul 16 2019 01:56:17 by "mach5one" with MS VC++ 15.5 (VS2017)

END.
